<?xml version="1.0" encoding="UTF-8"?>
<testng-results ignored="0" total="1" passed="1" failed="0" skipped="0">
  <reporter-output>
  </reporter-output>
  <suite started-at="2021-11-29T16:07:57 IST" name="Default suite" finished-at="2021-11-29T16:08:36 IST" duration-ms="39122">
    <groups>
    </groups>
    <test started-at="2021-11-29T16:07:57 IST" name="Default test" finished-at="2021-11-29T16:08:36 IST" duration-ms="39122">
      <class name="Demo.Demo.AppTest">
        <test-method signature="test()[pri:0, instance:Demo.Demo.AppTest@6631f5ca]" started-at="2021-11-29T16:07:57 IST" name="test" finished-at="2021-11-29T16:08:36 IST" duration-ms="39062" status="PASS">
          <reporter-output>
          </reporter-output>
        </test-method> <!-- test -->
      </class> <!-- Demo.Demo.AppTest -->
    </test> <!-- Default test -->
  </suite> <!-- Default suite -->
</testng-results>
